<?xml version="1.0" encoding="UTF-8"?>
<!-- Generated by org.testng.reporters.JUnitXMLReporter -->
<testsuite ignored="0" hostname="DESKTOP-7S4N7UG" failures="0" tests="3" name="Default test" time="0.057" errors="0" timestamp="29 Jun 2020 23:05:45 GMT">
  <testcase classname="Mentoring_Selenium.Mentoring_P1.TestNG_P1" name="AdvancedSeacrch" time="0.004"/>
  <testcase classname="Mentoring_Selenium.Mentoring_P1.TestNG_P1" name="SearchToys" time="0.001"/>
  <testcase classname="Mentoring_Selenium.Mentoring_P1.TestNG_P1" name="f" time="0.002"/>
</testsuite> <!-- Default test -->
