<?xml version="1.0" encoding="UTF-8"?>
<testng-results ignored="0" total="3" passed="3" failed="0" skipped="0">
  <reporter-output>
  </reporter-output>
  <suite started-at="2020-06-29T23:05:45Z" name="Default suite" finished-at="2020-06-29T23:05:45Z" duration-ms="57">
    <groups>
    </groups>
    <test started-at="2020-06-29T23:05:45Z" name="Default test" finished-at="2020-06-29T23:05:45Z" duration-ms="57">
      <class name="Mentoring_Selenium.Mentoring_P1.TestNG_P1">
        <test-method is-config="true" signature="beforeClass()[pri:0, instance:Mentoring_Selenium.Mentoring_P1.TestNG_P1@5d7148e2]" started-at="2020-06-29T23:05:45Z" name="beforeClass" finished-at="2020-06-29T23:05:45Z" duration-ms="12" status="PASS">
          <reporter-output>
          </reporter-output>
        </test-method> <!-- beforeClass -->
        <test-method signature="AdvancedSeacrch()[pri:1, instance:Mentoring_Selenium.Mentoring_P1.TestNG_P1@5d7148e2]" started-at="2020-06-29T23:05:45Z" name="AdvancedSeacrch" finished-at="2020-06-29T23:05:45Z" duration-ms="4" status="PASS">
          <reporter-output>
          </reporter-output>
        </test-method> <!-- AdvancedSeacrch -->
        <test-method signature="SearchToys()[pri:2, instance:Mentoring_Selenium.Mentoring_P1.TestNG_P1@5d7148e2]" started-at="2020-06-29T23:05:45Z" name="SearchToys" finished-at="2020-06-29T23:05:45Z" duration-ms="1" status="PASS">
          <reporter-output>
          </reporter-output>
        </test-method> <!-- SearchToys -->
        <test-method signature="f()[pri:3, instance:Mentoring_Selenium.Mentoring_P1.TestNG_P1@5d7148e2]" started-at="2020-06-29T23:05:45Z" name="f" finished-at="2020-06-29T23:05:45Z" duration-ms="2" status="PASS">
          <reporter-output>
          </reporter-output>
        </test-method> <!-- f -->
        <test-method is-config="true" signature="afterClass()[pri:0, instance:Mentoring_Selenium.Mentoring_P1.TestNG_P1@5d7148e2]" started-at="2020-06-29T23:05:45Z" name="afterClass" finished-at="2020-06-29T23:05:45Z" duration-ms="1" status="PASS">
          <reporter-output>
          </reporter-output>
        </test-method> <!-- afterClass -->
      </class> <!-- Mentoring_Selenium.Mentoring_P1.TestNG_P1 -->
    </test> <!-- Default test -->
  </suite> <!-- Default suite -->
</testng-results>
